1
Total Time Usage: 32.1078839302063s
Total Memory Usage: 1664.0KB
3
Total Time Usage: 32.19956851005554s
Total Memory Usage: 1604.0KB
2
Total Time Usage: 32.305010080337524s
Total Memory Usage: 1632.0KB
7
Total Time Usage: 38.47692847251892s
Total Memory Usage: 11884.0KB
5
Total Time Usage: 39.140647172927856s
Total Memory Usage: 11888.0KB
6
Total Time Usage: 39.256507396698s
Total Memory Usage: 11892.0KB
4
Total Time Usage: 39.25844073295593s
Total Memory Usage: 11904.0KB
0
Time to read data: 39.35032248497009  seconds
Time to process data: 3.0455875396728516  seconds
Total Time Usage: 42.39592266082764s
Total Memory Usage: 5824.0KB
Job ID           : 34565493
Cluster          : spartan
User/Project     : yying4/comp90024
Nodes            : 2
Wall-clock time  : 00:00:51 / 00:05:00

Displaying overall resources usage from 2022-03-31 17:54:05 to 2022-03-31 17:54:56:

NODE            CPU#        TOT%   ( USR   / SYS   / WIO   / IDLE  ) 

spartan-bm100 : 
                CPU# 1    : 44.7   (  36.8 /   7.9 /   0.1 /  55.2 ) 
                CPU# 2    : 51.2   (  42.7 /   8.6 /   0.0 /  48.8 ) 
                CPU# 3    : 50.5   (  42.4 /   8.1 /   0.0 /  49.4 ) 
                CPU# 4    : 45.0   (  37.8 /   7.2 /   0.0 /  55.0 ) 

spartan-bm105 : 
                CPU# 5    : 60.8   (  50.3 /  10.5 /   0.3 /  39.0 ) 
                CPU# 6    : 61.2   (  50.6 /  10.7 /   0.2 /  38.5 ) 
                CPU# 7    : 60.5   (  49.6 /  10.8 /   0.3 /  39.2 ) 
                CPU# 8    : 60.4   (  49.8 /  10.6 /   0.4 /  39.2 ) 


Allocated CPUs            : 8    
  CPUs with usage <25%    : 0    
  CPUs with usage <50%    : 2    
  CPUs with usage >50%    : 6    

Memory used (RAM)         : 0.0%  [4MB of 32000MB]

--------------------------------------------

